# JRE version: OpenJDK Runtime Environment (17.0.6) (build 17.0.6+0-b2043.56-9586694)
# Java VM: OpenJDK 64-Bit Server VM (17.0.6+0-b2043.56-9586694, mixed mode, tiered, compressed oops, compressed class ptrs, g1 gc, windows-amd64)
GC Precious Log:
 CPUs: 4 total, 4 available
 Memory: 8145M
 Large Page Support: Disabled
 NUMA Support: Disabled
 Compressed Oops: Enabled (32-bit)
 Heap Region Size: 1M
 Heap Min Capacity: 8M
 Heap Initial Capacity: 128M
 Heap Max Capacity: 2G
 Pre-touch: Disabled
 Parallel Workers: 4
 Concurrent Workers: 1
 Concurrent Refinement Workers: 4
 Periodic GC: Disabled
Heap:
 garbage-first heap   total 481280K, used 383552K [0x0000000080000000, 0x0000000100000000)
  region size 1024K, 98 young (100352K), 5 survivors (5120K)
 Metaspace       used 111763K, committed 112512K, reserved 1146880K
  class space    used 15251K, committed 15616K, reserved 1048576K
GC Heap History (20 events):
Event: 25.602 GC heap before
{Heap before GC invocations=39 (full 0):
 garbage-first heap   total 173056K, used 159844K [0x0000000080000000, 0x0000000100000000)
  region size 1024K, 24 young (24576K), 6 survivors (6144K)
 Metaspace       used 95389K, committed 96000K, reserved 1138688K
  class space    used 12982K, committed 13248K, reserved 1048576K
}
Event: 25.606 GC heap after
{Heap after GC invocations=40 (full 0):
 garbage-first heap   total 176128K, used 136973K [0x0000000080000000, 0x0000000100000000)
  region size 1024K, 4 young (4096K), 4 survivors (4096K)
 Metaspace       used 95389K, committed 96000K, reserved 1138688K
  class space    used 12982K, committed 13248K, reserved 1048576K
}
Event: 25.911 GC heap before
{Heap before GC invocations=40 (full 0):
 garbage-first heap   total 240640K, used 148237K [0x0000000080000000, 0x0000000100000000)
  region size 1024K, 16 young (16384K), 4 survivors (4096K)
 Metaspace       used 95700K, committed 96320K, reserved 1138688K
  class space    used 13029K, committed 13312K, reserved 1048576K
}
Event: 25.922 GC heap after
{Heap after GC invocations=41 (full 0):
 garbage-first heap   total 481280K, used 142120K [0x0000000080000000, 0x0000000100000000)
  region size 1024K, 2 young (2048K), 2 survivors (2048K)
 Metaspace       used 95700K, committed 96320K, reserved 1138688K
  class space    used 13029K, committed 13312K, reserved 1048576K
}
Event: 28.445 GC heap before
{Heap before GC invocations=42 (full 0):
 garbage-first heap   total 481280K, used 375592K [0x0000000080000000, 0x0000000100000000)
  region size 1024K, 229 young (234496K), 2 survivors (2048K)
 Metaspace       used 99212K, committed 99840K, reserved 1138688K
  class space    used 13628K, committed 13888K, reserved 1048576K
}
Event: 28.813 GC heap after
{Heap after GC invocations=43 (full 0):
 garbage-first heap   total 481280K, used 241415K [0x0000000080000000, 0x0000000100000000)
  region size 1024K, 29 young (29696K), 29 survivors (29696K)
 Metaspace       used 99212K, committed 99840K, reserved 1138688K
  class space    used 13628K, committed 13888K, reserved 1048576K
}
Event: 28.953 GC heap before
{Heap before GC invocations=43 (full 0):
 garbage-first heap   total 481280K, used 242439K [0x0000000080000000, 0x0000000100000000)
  region size 1024K, 30 young (30720K), 29 survivors (29696K)
 Metaspace       used 99273K, committed 99968K, reserved 1138688K
  class space    used 13638K, committed 13952K, reserved 1048576K
}
Event: 29.076 GC heap after
{Heap after GC invocations=44 (full 0):
 garbage-first heap   total 481280K, used 244224K [0x0000000080000000, 0x0000000100000000)
  region size 1024K, 2 young (2048K), 2 survivors (2048K)
 Metaspace       used 99273K, committed 99968K, reserved 1138688K
  class space    used 13638K, committed 13952K, reserved 1048576K
}
Event: 30.785 GC heap before
{Heap before GC invocations=44 (full 0):
 garbage-first heap   total 481280K, used 330240K [0x0000000080000000, 0x0000000100000000)
  region size 1024K, 87 young (89088K), 2 survivors (2048K)
 Metaspace       used 103062K, committed 103744K, reserved 1138688K
  class space    used 14173K, committed 14464K, reserved 1048576K
}
Event: 30.798 GC heap after
{Heap after GC invocations=45 (full 0):
 garbage-first heap   total 481280K, used 245248K [0x0000000080000000, 0x0000000100000000)
  region size 1024K, 3 young (3072K), 3 survivors (3072K)
 Metaspace       used 103062K, committed 103744K, reserved 1138688K
  class space    used 14173K, committed 14464K, reserved 1048576K
}
Event: 31.769 GC heap before
{Heap before GC invocations=45 (full 0):
 garbage-first heap   total 481280K, used 344576K [0x0000000080000000, 0x0000000100000000)
  region size 1024K, 101 young (103424K), 3 survivors (3072K)
 Metaspace       used 106772K, committed 107520K, reserved 1146880K
  class space    used 14694K, committed 15040K, reserved 1048576K
}
Event: 31.785 GC heap after
{Heap after GC invocations=46 (full 0):
 garbage-first heap   total 481280K, used 254092K [0x0000000080000000, 0x0000000100000000)
  region size 1024K, 12 young (12288K), 12 survivors (12288K)
 Metaspace       used 106772K, committed 107520K, reserved 1146880K
  class space    used 14694K, committed 15040K, reserved 1048576K
}
Event: 31.797 GC heap before
{Heap before GC invocations=46 (full 0):
 garbage-first heap   total 481280K, used 254092K [0x0000000080000000, 0x0000000100000000)
  region size 1024K, 13 young (13312K), 12 survivors (12288K)
 Metaspace       used 106814K, committed 107520K, reserved 1146880K
  class space    used 14701K, committed 15040K, reserved 1048576K
}
Event: 31.815 GC heap after
{Heap after GC invocations=47 (full 0):
 garbage-first heap   total 481280K, used 255350K [0x0000000080000000, 0x0000000100000000)
  region size 1024K, 2 young (2048K), 2 survivors (2048K)
 Metaspace       used 106814K, committed 107520K, reserved 1146880K
  class space    used 14701K, committed 15040K, reserved 1048576K
}
Event: 34.861 GC heap before
{Heap before GC invocations=48 (full 0):
 garbage-first heap   total 481280K, used 375158K [0x0000000080000000, 0x0000000100000000)
  region size 1024K, 115 young (117760K), 2 survivors (2048K)
 Metaspace       used 111270K, committed 112000K, reserved 1146880K
  class space    used 15196K, committed 15552K, reserved 1048576K
}
Event: 34.888 GC heap after
{Heap after GC invocations=49 (full 0):
 garbage-first heap   total 481280K, used 268436K [0x0000000080000000, 0x0000000100000000)
  region size 1024K, 13 young (13312K), 13 survivors (13312K)
 Metaspace       used 111270K, committed 112000K, reserved 1146880K
  class space    used 15196K, committed 15552K, reserved 1048576K
}
Event: 34.949 GC heap before
{Heap before GC invocations=49 (full 0):
 garbage-first heap   total 481280K, used 277652K [0x0000000080000000, 0x0000000100000000)
  region size 1024K, 23 young (23552K), 13 survivors (13312K)
 Metaspace       used 111311K, committed 112000K, reserved 1146880K
  class space    used 15204K, committed 15552K, reserved 1048576K
}
Event: 34.971 GC heap after
{Heap after GC invocations=50 (full 0):
 garbage-first heap   total 481280K, used 268224K [0x0000000080000000, 0x0000000100000000)
  region size 1024K, 3 young (3072K), 3 survivors (3072K)
 Metaspace       used 111311K, committed 112000K, reserved 1146880K
  class space    used 15204K, committed 15552K, reserved 1048576K
}
Event: 35.019 GC heap before
{Heap before GC invocations=50 (full 0):
 garbage-first heap   total 481280K, used 277440K [0x0000000080000000, 0x0000000100000000)
  region size 1024K, 14 young (14336K), 3 survivors (3072K)
 Metaspace       used 111468K, committed 112192K, reserved 1146880K
  class space    used 15217K, committed 15552K, reserved 1048576K
}
Event: 35.024 GC heap after
{Heap after GC invocations=51 (full 0):
 garbage-first heap   total 481280K, used 269888K [0x0000000080000000, 0x0000000100000000)
  region size 1024K, 5 young (5120K), 5 survivors (5120K)
 Metaspace       used 111468K, committed 112192K, reserved 1146880K
  class space    used 15217K, committed 15552K, reserved 1048576K
}

