# JRE version: OpenJDK Runtime Environment (17.0.6) (build 17.0.6+0-b2043.56-9586694)
# Java VM: OpenJDK 64-Bit Server VM (17.0.6+0-b2043.56-9586694, mixed mode, tiered, compressed oops, compressed class ptrs, g1 gc, windows-amd64)
GC Precious Log:
 CPUs: 4 total, 4 available
 Memory: 8145M
 Large Page Support: Disabled
 NUMA Support: Disabled
 Compressed Oops: Enabled (32-bit)
 Heap Region Size: 1M
 Heap Min Capacity: 8M
 Heap Initial Capacity: 128M
 Heap Max Capacity: 2G
 Pre-touch: Disabled
 Parallel Workers: 4
 Concurrent Workers: 1
 Concurrent Refinement Workers: 4
 Periodic GC: Disabled
Heap:
 garbage-first heap   total 455680K, used 297472K [0x0000000080000000, 0x0000000100000000)
  region size 1024K, 13 young (13312K), 13 survivors (13312K)
 Metaspace       used 116661K, committed 117632K, reserved 1155072K
  class space    used 15343K, committed 15808K, reserved 1048576K
GC Heap History (20 events):
Event: 1469.065 GC heap after
{Heap after GC invocations=39 (full 0):
 garbage-first heap   total 378880K, used 170227K [0x0000000080000000, 0x0000000100000000)
  region size 1024K, 12 young (12288K), 12 survivors (12288K)
 Metaspace       used 101537K, committed 102400K, reserved 1138688K
  class space    used 13541K, committed 13952K, reserved 1048576K
}
Event: 1935.505 GC heap before
{Heap before GC invocations=39 (full 0):
 garbage-first heap   total 378880K, used 321779K [0x0000000080000000, 0x0000000100000000)
  region size 1024K, 130 young (133120K), 12 survivors (12288K)
 Metaspace       used 101998K, committed 102912K, reserved 1138688K
  class space    used 13584K, committed 14016K, reserved 1048576K
}
Event: 1935.582 GC heap after
{Heap after GC invocations=40 (full 0):
 garbage-first heap   total 378880K, used 162304K [0x0000000080000000, 0x0000000100000000)
  region size 1024K, 8 young (8192K), 8 survivors (8192K)
 Metaspace       used 101998K, committed 102912K, reserved 1138688K
  class space    used 13584K, committed 14016K, reserved 1048576K
}
Event: 1980.626 GC heap before
{Heap before GC invocations=40 (full 0):
 garbage-first heap   total 378880K, used 322048K [0x0000000080000000, 0x0000000100000000)
  region size 1024K, 138 young (141312K), 8 survivors (8192K)
 Metaspace       used 102223K, committed 103168K, reserved 1138688K
  class space    used 13588K, committed 14016K, reserved 1048576K
}
Event: 1980.646 GC heap after
{Heap after GC invocations=41 (full 0):
 garbage-first heap   total 378880K, used 161639K [0x0000000080000000, 0x0000000100000000)
  region size 1024K, 7 young (7168K), 7 survivors (7168K)
 Metaspace       used 102223K, committed 103168K, reserved 1138688K
  class space    used 13588K, committed 14016K, reserved 1048576K
}
Event: 2026.961 GC heap before
{Heap before GC invocations=41 (full 0):
 garbage-first heap   total 378880K, used 300903K [0x0000000080000000, 0x0000000100000000)
  region size 1024K, 144 young (147456K), 7 survivors (7168K)
 Metaspace       used 103973K, committed 104896K, reserved 1146880K
  class space    used 13755K, committed 14208K, reserved 1048576K
}
Event: 2026.984 GC heap after
{Heap after GC invocations=42 (full 0):
 garbage-first heap   total 378880K, used 163506K [0x0000000080000000, 0x0000000100000000)
  region size 1024K, 9 young (9216K), 9 survivors (9216K)
 Metaspace       used 103973K, committed 104896K, reserved 1146880K
  class space    used 13755K, committed 14208K, reserved 1048576K
}
Event: 2030.603 GC heap before
{Heap before GC invocations=42 (full 0):
 garbage-first heap   total 378880K, used 301746K [0x0000000080000000, 0x0000000100000000)
  region size 1024K, 114 young (116736K), 9 survivors (9216K)
 Metaspace       used 104282K, committed 105216K, reserved 1146880K
  class space    used 13766K, committed 14208K, reserved 1048576K
}
Event: 2030.759 GC heap after
{Heap after GC invocations=43 (full 0):
 garbage-first heap   total 378880K, used 207436K [0x0000000080000000, 0x0000000100000000)
  region size 1024K, 19 young (19456K), 19 survivors (19456K)
 Metaspace       used 104282K, committed 105216K, reserved 1146880K
  class space    used 13766K, committed 14208K, reserved 1048576K
}
Event: 2032.768 GC heap before
{Heap before GC invocations=43 (full 0):
 garbage-first heap   total 455680K, used 277068K [0x0000000080000000, 0x0000000100000000)
  region size 1024K, 102 young (104448K), 19 survivors (19456K)
 Metaspace       used 107077K, committed 108224K, reserved 1146880K
  class space    used 13967K, committed 14464K, reserved 1048576K
}
Event: 2032.876 GC heap after
{Heap after GC invocations=44 (full 0):
 garbage-first heap   total 455680K, used 188416K [0x0000000080000000, 0x0000000100000000)
  region size 1024K, 13 young (13312K), 13 survivors (13312K)
 Metaspace       used 107077K, committed 108224K, reserved 1146880K
  class space    used 13967K, committed 14464K, reserved 1048576K
}
Event: 2037.669 GC heap before
{Heap before GC invocations=45 (full 0):
 garbage-first heap   total 455680K, used 359424K [0x0000000080000000, 0x0000000100000000)
  region size 1024K, 167 young (171008K), 13 survivors (13312K)
 Metaspace       used 110124K, committed 111040K, reserved 1146880K
  class space    used 14283K, committed 14720K, reserved 1048576K
}
Event: 2037.684 GC heap after
{Heap after GC invocations=46 (full 0):
 garbage-first heap   total 455680K, used 185856K [0x0000000080000000, 0x0000000100000000)
  region size 1024K, 9 young (9216K), 9 survivors (9216K)
 Metaspace       used 110124K, committed 111040K, reserved 1146880K
  class space    used 14283K, committed 14720K, reserved 1048576K
}
Event: 2037.942 GC heap before
{Heap before GC invocations=46 (full 0):
 garbage-first heap   total 455680K, used 198144K [0x0000000080000000, 0x0000000100000000)
  region size 1024K, 22 young (22528K), 9 survivors (9216K)
 Metaspace       used 110133K, committed 111040K, reserved 1146880K
  class space    used 14283K, committed 14720K, reserved 1048576K
}
Event: 2037.968 GC heap after
{Heap after GC invocations=47 (full 0):
 garbage-first heap   total 455680K, used 161881K [0x0000000080000000, 0x0000000100000000)
  region size 1024K, 3 young (3072K), 3 survivors (3072K)
 Metaspace       used 110133K, committed 111040K, reserved 1146880K
  class space    used 14283K, committed 14720K, reserved 1048576K
}
Event: 2041.099 GC heap before
{Heap before GC invocations=47 (full 0):
 garbage-first heap   total 455680K, used 402521K [0x0000000080000000, 0x0000000100000000)
  region size 1024K, 193 young (197632K), 3 survivors (3072K)
 Metaspace       used 114109K, committed 115072K, reserved 1155072K
  class space    used 14849K, committed 15296K, reserved 1048576K
}
Event: 2041.220 GC heap after
{Heap after GC invocations=48 (full 0):
 garbage-first heap   total 455680K, used 224768K [0x0000000080000000, 0x0000000100000000)
  region size 1024K, 25 young (25600K), 25 survivors (25600K)
 Metaspace       used 114109K, committed 115072K, reserved 1155072K
  class space    used 14849K, committed 15296K, reserved 1048576K
}
Event: 2042.465 GC heap before
{Heap before GC invocations=48 (full 0):
 garbage-first heap   total 455680K, used 291328K [0x0000000080000000, 0x0000000100000000)
  region size 1024K, 90 young (92160K), 25 survivors (25600K)
 Metaspace       used 116645K, committed 117568K, reserved 1155072K
  class space    used 15343K, committed 15808K, reserved 1048576K
}
Event: 2042.578 GC heap after
{Heap after GC invocations=49 (full 0):
 garbage-first heap   total 455680K, used 252928K [0x0000000080000000, 0x0000000100000000)
  region size 1024K, 12 young (12288K), 12 survivors (12288K)
 Metaspace       used 116645K, committed 117568K, reserved 1155072K
  class space    used 15343K, committed 15808K, reserved 1048576K
}
Event: 2042.970 GC heap before
{Heap before GC invocations=49 (full 0):
 garbage-first heap   total 455680K, used 339968K [0x0000000080000000, 0x0000000100000000)
  region size 1024K, 98 young (100352K), 12 survivors (12288K)
 Metaspace       used 116661K, committed 117632K, reserved 1155072K
  class space    used 15343K, committed 15808K, reserved 1048576K
}

